<?xml version="1.0" encoding="UTF-8"?>
<!-- Generated by org.testng.reporters.JUnitReportReporter -->
<testsuite hostname="DESKTOP-M9R0QRP" failures="0" tests="1" name="com.teachopia.testcases.WhatsappSendmsg" time="0.017" errors="0" timestamp="26 Aug 2021 11:10:20 GMT" skipped="0">
  <testcase classname="com.teachopia.testcases.WhatsappSendmsg" name="Demo" time="0.017"/>
</testsuite> <!-- com.teachopia.testcases.WhatsappSendmsg -->
