<?xml version="1.0" encoding="UTF-8"?>
<!-- Generated by org.testng.reporters.JUnitReportReporter -->
<testsuite hostname="DESKTOP-M9R0QRP" failures="0" tests="1" name="com.teachopia.testcases.SelectLanguage" time="10.475" errors="0" timestamp="26 Aug 2021 12:40:54 GMT" skipped="0">
  <testcase classname="com.teachopia.testcases.SelectLanguage" name="Welcome" time="10.475"/>
</testsuite> <!-- com.teachopia.testcases.SelectLanguage -->
