<?xml version="1.0" encoding="UTF-8"?>
<!-- Generated by org.testng.reporters.JUnitReportReporter -->
<testsuite hostname="DESKTOP-M9R0QRP" failures="0" tests="1" name="com.teachopia.testcases.WelcomeToTeachopia" time="6.458" errors="0" timestamp="26 Aug 2021 14:14:48 GMT" skipped="0">
  <testcase classname="com.teachopia.testcases.WelcomeToTeachopia" name="Welcome" time="6.458"/>
</testsuite> <!-- com.teachopia.testcases.WelcomeToTeachopia -->
